<?xml version="1.0" encoding="UTF-8"?>
<coverage generated="1756917589944" clover="3.2.0">
  <project timestamp="1756917589944" name="All files">
    <metrics statements="102" coveredstatements="63" conditionals="44" coveredconditionals="18" methods="27" coveredmethods="23" elements="173" coveredelements="104" complexity="0" loc="102" ncloc="102" packages="2" files="7" classes="7"/>
    <package name="src">
      <metrics statements="65" coveredstatements="26" conditionals="26" coveredconditionals="3" methods="11" coveredmethods="7"/>
      <file name="App.jsx" path="/Users/mike/Dev/meet/src/App.jsx">
        <metrics statements="14" coveredstatements="14" conditionals="2" coveredconditionals="2" methods="4" coveredmethods="4"/>
        <line num="8" count="3" type="stmt"/>
        <line num="9" count="21" type="stmt"/>
        <line num="10" count="21" type="stmt"/>
        <line num="11" count="21" type="stmt"/>
        <line num="12" count="21" type="stmt"/>
        <line num="14" count="21" type="stmt"/>
        <line num="15" count="12" type="stmt"/>
        <line num="18" count="12" type="cond" truecount="2" falsecount="0"/>
        <line num="20" count="35" type="stmt"/>
        <line num="22" count="12" type="stmt"/>
        <line num="23" count="12" type="stmt"/>
        <line num="27" count="21" type="stmt"/>
        <line num="28" count="12" type="stmt"/>
        <line num="31" count="21" type="stmt"/>
      </file>
      <file name="api.js" path="/Users/mike/Dev/meet/src/api.js">
        <metrics statements="50" coveredstatements="11" conditionals="24" coveredconditionals="1" methods="7" coveredmethods="3"/>
        <line num="5" count="3" type="stmt"/>
        <line num="6" count="525" type="stmt"/>
        <line num="7" count="15" type="stmt"/>
        <line num="8" count="15" type="stmt"/>
        <line num="11" count="3" type="stmt"/>
        <line num="12" count="0" type="stmt"/>
        <line num="15" count="0" type="stmt"/>
        <line num="16" count="0" type="stmt"/>
        <line num="19" count="3" type="stmt"/>
        <line num="20" count="6" type="cond" truecount="1" falsecount="1"/>
        <line num="21" count="6" type="stmt"/>
        <line num="24" count="0" type="stmt"/>
        <line num="26" count="0" type="cond" truecount="0" falsecount="2"/>
        <line num="27" count="0" type="stmt"/>
        <line num="29" count="0" type="stmt"/>
        <line num="32" count="0" type="stmt"/>
        <line num="33" count="0" type="stmt"/>
        <line num="34" count="0" type="cond" truecount="0" falsecount="2"/>
        <line num="35" count="0" type="stmt"/>
        <line num="36" count="0" type="stmt"/>
        <line num="40" count="3" type="stmt"/>
        <line num="41" count="0" type="stmt"/>
        <line num="42" count="0" type="cond" truecount="0" falsecount="2"/>
        <line num="44" count="0" type="cond" truecount="0" falsecount="4"/>
        <line num="45" count="0" type="stmt"/>
        <line num="46" count="0" type="stmt"/>
        <line num="47" count="0" type="stmt"/>
        <line num="48" count="0" type="cond" truecount="0" falsecount="2"/>
        <line num="49" count="0" type="stmt"/>
        <line num="52" count="0" type="stmt"/>
        <line num="53" count="0" type="stmt"/>
        <line num="54" count="0" type="stmt"/>
        <line num="56" count="0" type="cond" truecount="0" falsecount="2"/>
        <line num="58" count="0" type="stmt"/>
        <line num="61" count="3" type="stmt"/>
        <line num="63" count="0" type="cond" truecount="0" falsecount="4"/>
        <line num="64" count="0" type="stmt"/>
        <line num="69" count="0" type="stmt"/>
        <line num="71" count="0" type="stmt"/>
        <line num="72" count="0" type="stmt"/>
        <line num="76" count="3" type="stmt"/>
        <line num="77" count="0" type="stmt"/>
        <line num="78" count="0" type="stmt"/>
        <line num="80" count="0" type="stmt"/>
        <line num="85" count="0" type="cond" truecount="0" falsecount="2"/>
        <line num="86" count="0" type="stmt"/>
        <line num="88" count="0" type="stmt"/>
        <line num="89" count="0" type="cond" truecount="0" falsecount="2"/>
        <line num="90" count="0" type="stmt"/>
        <line num="92" count="0" type="stmt"/>
      </file>
      <file name="mock-data.js" path="/Users/mike/Dev/meet/src/mock-data.js">
        <metrics statements="1" coveredstatements="1" conditionals="0" coveredconditionals="0" methods="0" coveredmethods="0"/>
        <line num="3" count="4" type="stmt"/>
      </file>
    </package>
    <package name="src.components">
      <metrics statements="37" coveredstatements="37" conditionals="18" coveredconditionals="15" methods="16" coveredmethods="16"/>
      <file name="CitySearch.jsx" path="/Users/mike/Dev/meet/src/components/CitySearch.jsx">
        <metrics statements="20" coveredstatements="20" conditionals="6" coveredconditionals="4" methods="8" coveredmethods="8"/>
        <line num="3" count="3" type="cond" truecount="1" falsecount="1"/>
        <line num="4" count="71" type="stmt"/>
        <line num="5" count="71" type="stmt"/>
        <line num="6" count="71" type="stmt"/>
        <line num="8" count="71" type="stmt"/>
        <line num="9" count="2" type="stmt"/>
        <line num="10" count="2" type="stmt"/>
        <line num="11" count="2" type="stmt"/>
        <line num="12" count="2" type="stmt"/>
        <line num="15" count="71" type="stmt"/>
        <line num="16" count="18" type="stmt"/>
        <line num="17" count="18" type="cond" truecount="1" falsecount="1"/>
        <line num="19" count="36" type="stmt"/>
        <line num="23" count="18" type="stmt"/>
        <line num="24" count="18" type="stmt"/>
        <line num="27" count="71" type="stmt"/>
        <line num="28" count="24" type="stmt"/>
        <line num="31" count="71" type="stmt"/>
        <line num="38" count="5" type="stmt"/>
        <line num="44" count="26" type="stmt"/>
      </file>
      <file name="Event.jsx" path="/Users/mike/Dev/meet/src/components/Event.jsx">
        <metrics statements="4" coveredstatements="4" conditionals="6" coveredconditionals="5" methods="2" coveredmethods="2"/>
        <line num="3" count="4" type="stmt"/>
        <line num="4" count="266" type="stmt"/>
        <line num="6" count="266" type="stmt"/>
        <line num="13" count="2" type="stmt"/>
      </file>
      <file name="EventList.jsx" path="/Users/mike/Dev/meet/src/components/EventList.jsx">
        <metrics statements="3" coveredstatements="3" conditionals="2" coveredconditionals="2" methods="2" coveredmethods="2"/>
        <line num="5" count="3" type="stmt"/>
        <line num="6" count="25" type="stmt"/>
        <line num="9" count="262" type="stmt"/>
      </file>
      <file name="NumberOfEvents.jsx" path="/Users/mike/Dev/meet/src/components/NumberOfEvents.jsx">
        <metrics statements="10" coveredstatements="10" conditionals="4" coveredconditionals="4" methods="4" coveredmethods="4"/>
        <line num="3" count="4" type="cond" truecount="2" falsecount="0"/>
        <line num="5" count="33" type="stmt"/>
        <line num="7" count="33" type="stmt"/>
        <line num="8" count="14" type="stmt"/>
        <line num="11" count="33" type="stmt"/>
        <line num="12" count="8" type="stmt"/>
        <line num="13" count="8" type="stmt"/>
        <line num="15" count="8" type="stmt"/>
        <line num="16" count="8" type="cond" truecount="2" falsecount="0"/>
        <line num="19" count="33" type="stmt"/>
      </file>
    </package>
  </project>
</coverage>
