{"/Users/mike/Dev/meet/src/App.jsx": {"path":"/Users/mike/Dev/meet/src/App.jsx","statementMap":{"0":{"start":{"line":8,"column":12},"end":{"line":40,"column":1}},"1":{"start":{"line":9,"column":42},"end":{"line":9,"column":54}},"2":{"start":{"line":10,"column":38},"end":{"line":10,"column":50}},"3":{"start":{"line":11,"column":30},"end":{"line":11,"column":42}},"4":{"start":{"line":12,"column":40},"end":{"line":12,"column":66}},"5":{"start":{"line":14,"column":20},"end":{"line":24,"column":3}},"6":{"start":{"line":15,"column":22},"end":{"line":15,"column":39}},"7":{"start":{"line":18,"column":6},"end":{"line":20,"column":61}},"8":{"start":{"line":20,"column":34},"end":{"line":20,"column":60}},"9":{"start":{"line":22,"column":4},"end":{"line":22,"column":45}},"10":{"start":{"line":23,"column":4},"end":{"line":23,"column":49}},"11":{"start":{"line":27,"column":2},"end":{"line":29,"column":32}},"12":{"start":{"line":28,"column":4},"end":{"line":28,"column":16}},"13":{"start":{"line":31,"column":2},"end":{"line":39,"column":4}}},"fnMap":{"0":{"name":"(anonymous_0)","decl":{"start":{"line":8,"column":12},"end":{"line":8,"column":13}},"loc":{"start":{"line":8,"column":18},"end":{"line":40,"column":1}},"line":8},"1":{"name":"(anonymous_1)","decl":{"start":{"line":14,"column":20},"end":{"line":14,"column":21}},"loc":{"start":{"line":14,"column":32},"end":{"line":24,"column":3}},"line":14},"2":{"name":"(anonymous_2)","decl":{"start":{"line":20,"column":27},"end":{"line":20,"column":28}},"loc":{"start":{"line":20,"column":34},"end":{"line":20,"column":60}},"line":20},"3":{"name":"(anonymous_3)","decl":{"start":{"line":27,"column":12},"end":{"line":27,"column":13}},"loc":{"start":{"line":27,"column":18},"end":{"line":29,"column":3}},"line":27}},"branchMap":{"0":{"loc":{"start":{"line":18,"column":6},"end":{"line":20,"column":61}},"type":"cond-expr","locations":[{"start":{"line":19,"column":10},"end":{"line":19,"column":19}},{"start":{"line":20,"column":10},"end":{"line":20,"column":61}}],"line":18}},"s":{"0":3,"1":21,"2":21,"3":21,"4":21,"5":21,"6":12,"7":12,"8":35,"9":12,"10":12,"11":21,"12":12,"13":21},"f":{"0":21,"1":12,"2":35,"3":12},"b":{"0":[11,1]},"_coverageSchema":"1a1c01bbd47fc00a2c39e90264f33305004495a9","hash":"325391ed5bed23658d89b43c6bca433bcd6bb65d"}
,"/Users/mike/Dev/meet/src/api.js": {"path":"/Users/mike/Dev/meet/src/api.js","statementMap":{"0":{"start":{"line":5,"column":32},"end":{"line":9,"column":1}},"1":{"start":{"line":6,"column":29},"end":{"line":6,"column":66}},"2":{"start":{"line":6,"column":51},"end":{"line":6,"column":65}},"3":{"start":{"line":7,"column":20},"end":{"line":7,"column":52}},"4":{"start":{"line":8,"column":2},"end":{"line":8,"column":19}},"5":{"start":{"line":11,"column":19},"end":{"line":17,"column":1}},"6":{"start":{"line":12,"column":19},"end":{"line":14,"column":3}},"7":{"start":{"line":15,"column":17},"end":{"line":15,"column":38}},"8":{"start":{"line":16,"column":2},"end":{"line":16,"column":16}},"9":{"start":{"line":19,"column":25},"end":{"line":38,"column":1}},"10":{"start":{"line":20,"column":2},"end":{"line":22,"column":3}},"11":{"start":{"line":21,"column":4},"end":{"line":21,"column":20}},"12":{"start":{"line":24,"column":16},"end":{"line":24,"column":38}},"13":{"start":{"line":26,"column":2},"end":{"line":37,"column":3}},"14":{"start":{"line":27,"column":4},"end":{"line":27,"column":18}},"15":{"start":{"line":29,"column":6},"end":{"line":31,"column":11}},"16":{"start":{"line":32,"column":21},"end":{"line":32,"column":37}},"17":{"start":{"line":33,"column":19},"end":{"line":33,"column":40}},"18":{"start":{"line":34,"column":4},"end":{"line":36,"column":23}},"19":{"start":{"line":35,"column":6},"end":{"line":35,"column":27}},"20":{"start":{"line":36,"column":11},"end":{"line":36,"column":23}},"21":{"start":{"line":40,"column":30},"end":{"line":59,"column":1}},"22":{"start":{"line":41,"column":22},"end":{"line":41,"column":58}},"23":{"start":{"line":42,"column":21},"end":{"line":42,"column":67}},"24":{"start":{"line":44,"column":2},"end":{"line":57,"column":3}},"25":{"start":{"line":45,"column":4},"end":{"line":45,"column":50}},"26":{"start":{"line":46,"column":25},"end":{"line":46,"column":68}},"27":{"start":{"line":47,"column":17},"end":{"line":47,"column":47}},"28":{"start":{"line":48,"column":4},"end":{"line":55,"column":5}},"29":{"start":{"line":49,"column":23},"end":{"line":51,"column":7}},"30":{"start":{"line":52,"column":21},"end":{"line":52,"column":42}},"31":{"start":{"line":53,"column":26},"end":{"line":53,"column":32}},"32":{"start":{"line":54,"column":6},"end":{"line":54,"column":46}},"33":{"start":{"line":56,"column":4},"end":{"line":56,"column":34}},"34":{"start":{"line":58,"column":2},"end":{"line":58,"column":21}},"35":{"start":{"line":61,"column":20},"end":{"line":74,"column":1}},"36":{"start":{"line":63,"column":2},"end":{"line":73,"column":3}},"37":{"start":{"line":64,"column":4},"end":{"line":68,"column":31}},"38":{"start":{"line":69,"column":4},"end":{"line":69,"column":45}},"39":{"start":{"line":71,"column":4},"end":{"line":71,"column":68}},"40":{"start":{"line":72,"column":4},"end":{"line":72,"column":45}},"41":{"start":{"line":76,"column":17},"end":{"line":94,"column":1}},"42":{"start":{"line":77,"column":2},"end":{"line":93,"column":3}},"43":{"start":{"line":78,"column":23},"end":{"line":78,"column":47}},"44":{"start":{"line":80,"column":21},"end":{"line":84,"column":5}},"45":{"start":{"line":85,"column":4},"end":{"line":87,"column":5}},"46":{"start":{"line":86,"column":6},"end":{"line":86,"column":64}},"47":{"start":{"line":88,"column":29},"end":{"line":88,"column":50}},"48":{"start":{"line":89,"column":4},"end":{"line":89,"column":71}},"49":{"start":{"line":90,"column":4},"end":{"line":90,"column":24}},"50":{"start":{"line":92,"column":4},"end":{"line":92,"column":17}}},"fnMap":{"0":{"name":"(anonymous_0)","decl":{"start":{"line":5,"column":32},"end":{"line":5,"column":33}},"loc":{"start":{"line":5,"column":44},"end":{"line":9,"column":1}},"line":5},"1":{"name":"(anonymous_1)","decl":{"start":{"line":6,"column":40},"end":{"line":6,"column":41}},"loc":{"start":{"line":6,"column":51},"end":{"line":6,"column":65}},"line":6},"2":{"name":"(anonymous_2)","decl":{"start":{"line":11,"column":19},"end":{"line":11,"column":20}},"loc":{"start":{"line":11,"column":42},"end":{"line":17,"column":1}},"line":11},"3":{"name":"(anonymous_3)","decl":{"start":{"line":19,"column":25},"end":{"line":19,"column":26}},"loc":{"start":{"line":19,"column":37},"end":{"line":38,"column":1}},"line":19},"4":{"name":"(anonymous_4)","decl":{"start":{"line":40,"column":30},"end":{"line":40,"column":31}},"loc":{"start":{"line":40,"column":42},"end":{"line":59,"column":1}},"line":40},"5":{"name":"(anonymous_5)","decl":{"start":{"line":61,"column":20},"end":{"line":61,"column":21}},"loc":{"start":{"line":61,"column":26},"end":{"line":74,"column":1}},"line":61},"6":{"name":"(anonymous_6)","decl":{"start":{"line":76,"column":17},"end":{"line":76,"column":18}},"loc":{"start":{"line":76,"column":33},"end":{"line":94,"column":1}},"line":76}},"branchMap":{"0":{"loc":{"start":{"line":20,"column":2},"end":{"line":22,"column":3}},"type":"if","locations":[{"start":{"line":20,"column":2},"end":{"line":22,"column":3}},{"start":{},"end":{}}],"line":20},"1":{"loc":{"start":{"line":26,"column":2},"end":{"line":37,"column":3}},"type":"if","locations":[{"start":{"line":26,"column":2},"end":{"line":37,"column":3}},{"start":{},"end":{}}],"line":26},"2":{"loc":{"start":{"line":34,"column":4},"end":{"line":36,"column":23}},"type":"if","locations":[{"start":{"line":34,"column":4},"end":{"line":36,"column":23}},{"start":{"line":36,"column":11},"end":{"line":36,"column":23}}],"line":34},"3":{"loc":{"start":{"line":42,"column":21},"end":{"line":42,"column":67}},"type":"binary-expr","locations":[{"start":{"line":42,"column":21},"end":{"line":42,"column":32}},{"start":{"line":42,"column":37},"end":{"line":42,"column":66}}],"line":42},"4":{"loc":{"start":{"line":44,"column":2},"end":{"line":57,"column":3}},"type":"if","locations":[{"start":{"line":44,"column":2},"end":{"line":57,"column":3}},{"start":{},"end":{}}],"line":44},"5":{"loc":{"start":{"line":44,"column":6},"end":{"line":44,"column":38}},"type":"binary-expr","locations":[{"start":{"line":44,"column":6},"end":{"line":44,"column":18}},{"start":{"line":44,"column":22},"end":{"line":44,"column":38}}],"line":44},"6":{"loc":{"start":{"line":48,"column":4},"end":{"line":55,"column":5}},"type":"if","locations":[{"start":{"line":48,"column":4},"end":{"line":55,"column":5}},{"start":{},"end":{}}],"line":48},"7":{"loc":{"start":{"line":56,"column":11},"end":{"line":56,"column":33}},"type":"binary-expr","locations":[{"start":{"line":56,"column":11},"end":{"line":56,"column":15}},{"start":{"line":56,"column":19},"end":{"line":56,"column":33}}],"line":56},"8":{"loc":{"start":{"line":63,"column":2},"end":{"line":73,"column":3}},"type":"if","locations":[{"start":{"line":63,"column":2},"end":{"line":73,"column":3}},{"start":{"line":70,"column":9},"end":{"line":73,"column":3}}],"line":63},"9":{"loc":{"start":{"line":63,"column":6},"end":{"line":63,"column":58}},"type":"binary-expr","locations":[{"start":{"line":63,"column":6},"end":{"line":63,"column":30}},{"start":{"line":63,"column":34},"end":{"line":63,"column":58}}],"line":63},"10":{"loc":{"start":{"line":85,"column":4},"end":{"line":87,"column":5}},"type":"if","locations":[{"start":{"line":85,"column":4},"end":{"line":87,"column":5}},{"start":{},"end":{}}],"line":85},"11":{"loc":{"start":{"line":89,"column":4},"end":{"line":89,"column":70}},"type":"binary-expr","locations":[{"start":{"line":89,"column":4},"end":{"line":89,"column":16}},{"start":{"line":89,"column":20},"end":{"line":89,"column":70}}],"line":89}},"s":{"0":3,"1":15,"2":525,"3":15,"4":15,"5":3,"6":0,"7":0,"8":0,"9":3,"10":6,"11":6,"12":0,"13":0,"14":0,"15":0,"16":0,"17":0,"18":0,"19":0,"20":0,"21":3,"22":0,"23":0,"24":0,"25":0,"26":0,"27":0,"28":0,"29":0,"30":0,"31":0,"32":0,"33":0,"34":0,"35":3,"36":0,"37":0,"38":0,"39":0,"40":0,"41":3,"42":0,"43":0,"44":0,"45":0,"46":0,"47":0,"48":0,"49":0,"50":0},"f":{"0":15,"1":525,"2":0,"3":6,"4":0,"5":0,"6":0},"b":{"0":[6,0],"1":[0,0],"2":[0,0],"3":[0,0],"4":[0,0],"5":[0,0],"6":[0,0],"7":[0,0],"8":[0,0],"9":[0,0],"10":[0,0],"11":[0,0]},"_coverageSchema":"1a1c01bbd47fc00a2c39e90264f33305004495a9","hash":"e6a10af2442775eb099af663b8e2df6875de16a8"}
,"/Users/mike/Dev/meet/src/mock-data.js": {"path":"/Users/mike/Dev/meet/src/mock-data.js","statementMap":{"0":{"start":{"line":3,"column":17},"end":{"line":1439,"column":1}}},"fnMap":{},"branchMap":{},"s":{"0":4},"f":{},"b":{},"_coverageSchema":"1a1c01bbd47fc00a2c39e90264f33305004495a9","hash":"ae1f3126bc24c8aff5cc6333cf9c3f07cfb88de6"}
,"/Users/mike/Dev/meet/src/components/CitySearch.jsx": {"path":"/Users/mike/Dev/meet/src/components/CitySearch.jsx","statementMap":{"0":{"start":{"line":3,"column":19},"end":{"line":55,"column":1}},"1":{"start":{"line":4,"column":48},"end":{"line":4,"column":63}},"2":{"start":{"line":5,"column":28},"end":{"line":5,"column":40}},"3":{"start":{"line":6,"column":40},"end":{"line":6,"column":52}},"4":{"start":{"line":8,"column":28},"end":{"line":13,"column":3}},"5":{"start":{"line":9,"column":18},"end":{"line":9,"column":42}},"6":{"start":{"line":10,"column":4},"end":{"line":10,"column":20}},"7":{"start":{"line":11,"column":4},"end":{"line":11,"column":30}},"8":{"start":{"line":12,"column":4},"end":{"line":12,"column":26}},"9":{"start":{"line":15,"column":29},"end":{"line":25,"column":3}},"10":{"start":{"line":16,"column":18},"end":{"line":16,"column":36}},"11":{"start":{"line":17,"column":30},"end":{"line":21,"column":10}},"12":{"start":{"line":19,"column":10},"end":{"line":19,"column":62}},"13":{"start":{"line":23,"column":4},"end":{"line":23,"column":20}},"14":{"start":{"line":24,"column":4},"end":{"line":24,"column":38}},"15":{"start":{"line":27,"column":2},"end":{"line":29,"column":21}},"16":{"start":{"line":28,"column":4},"end":{"line":28,"column":33}},"17":{"start":{"line":31,"column":2},"end":{"line":54,"column":4}},"18":{"start":{"line":38,"column":23},"end":{"line":38,"column":47}},"19":{"start":{"line":44,"column":12},"end":{"line":46,"column":17}}},"fnMap":{"0":{"name":"(anonymous_0)","decl":{"start":{"line":3,"column":19},"end":{"line":3,"column":20}},"loc":{"start":{"line":3,"column":73},"end":{"line":55,"column":1}},"line":3},"1":{"name":"(anonymous_1)","decl":{"start":{"line":3,"column":58},"end":{"line":3,"column":59}},"loc":{"start":{"line":3,"column":64},"end":{"line":3,"column":66}},"line":3},"2":{"name":"(anonymous_2)","decl":{"start":{"line":8,"column":28},"end":{"line":8,"column":29}},"loc":{"start":{"line":8,"column":39},"end":{"line":13,"column":3}},"line":8},"3":{"name":"(anonymous_3)","decl":{"start":{"line":15,"column":29},"end":{"line":15,"column":30}},"loc":{"start":{"line":15,"column":40},"end":{"line":25,"column":3}},"line":15},"4":{"name":"(anonymous_4)","decl":{"start":{"line":18,"column":28},"end":{"line":18,"column":29}},"loc":{"start":{"line":19,"column":10},"end":{"line":19,"column":62}},"line":19},"5":{"name":"(anonymous_5)","decl":{"start":{"line":27,"column":12},"end":{"line":27,"column":13}},"loc":{"start":{"line":27,"column":18},"end":{"line":29,"column":3}},"line":27},"6":{"name":"(anonymous_6)","decl":{"start":{"line":38,"column":17},"end":{"line":38,"column":18}},"loc":{"start":{"line":38,"column":23},"end":{"line":38,"column":47}},"line":38},"7":{"name":"(anonymous_7)","decl":{"start":{"line":43,"column":27},"end":{"line":43,"column":28}},"loc":{"start":{"line":44,"column":12},"end":{"line":46,"column":17}},"line":44}},"branchMap":{"0":{"loc":{"start":{"line":3,"column":22},"end":{"line":3,"column":39}},"type":"default-arg","locations":[{"start":{"line":3,"column":37},"end":{"line":3,"column":39}}],"line":3},"1":{"loc":{"start":{"line":3,"column":41},"end":{"line":3,"column":66}},"type":"default-arg","locations":[{"start":{"line":3,"column":58},"end":{"line":3,"column":66}}],"line":3},"2":{"loc":{"start":{"line":17,"column":30},"end":{"line":21,"column":10}},"type":"cond-expr","locations":[{"start":{"line":18,"column":8},"end":{"line":20,"column":9}},{"start":{"line":21,"column":8},"end":{"line":21,"column":10}}],"line":17},"3":{"loc":{"start":{"line":41,"column":7},"end":{"line":52,"column":14}},"type":"cond-expr","locations":[{"start":{"line":42,"column":8},"end":{"line":51,"column":13}},{"start":{"line":52,"column":10},"end":{"line":52,"column":14}}],"line":41}},"s":{"0":3,"1":71,"2":71,"3":71,"4":71,"5":2,"6":2,"7":2,"8":2,"9":71,"10":18,"11":18,"12":36,"13":18,"14":18,"15":71,"16":24,"17":71,"18":5,"19":26},"f":{"0":71,"1":1,"2":2,"3":18,"4":36,"5":24,"6":5,"7":26},"b":{"0":[0],"1":[32],"2":[18,0],"3":[23,48]},"_coverageSchema":"1a1c01bbd47fc00a2c39e90264f33305004495a9","hash":"59dff29a3b9dc934e698f3051ee6ad862a12034f"}
,"/Users/mike/Dev/meet/src/components/Event.jsx": {"path":"/Users/mike/Dev/meet/src/components/Event.jsx","statementMap":{"0":{"start":{"line":3,"column":14},"end":{"line":31,"column":1}},"1":{"start":{"line":4,"column":40},"end":{"line":4,"column":55}},"2":{"start":{"line":6,"column":2},"end":{"line":30,"column":4}},"3":{"start":{"line":13,"column":23},"end":{"line":13,"column":51}}},"fnMap":{"0":{"name":"(anonymous_0)","decl":{"start":{"line":3,"column":14},"end":{"line":3,"column":15}},"loc":{"start":{"line":3,"column":29},"end":{"line":31,"column":1}},"line":3},"1":{"name":"(anonymous_1)","decl":{"start":{"line":13,"column":17},"end":{"line":13,"column":18}},"loc":{"start":{"line":13,"column":23},"end":{"line":13,"column":51}},"line":13}},"branchMap":{"0":{"loc":{"start":{"line":17,"column":9},"end":{"line":17,"column":54}},"type":"cond-expr","locations":[{"start":{"line":17,"column":23},"end":{"line":17,"column":37}},{"start":{"line":17,"column":40},"end":{"line":17,"column":54}}],"line":17},"1":{"loc":{"start":{"line":20,"column":7},"end":{"line":28,"column":7}},"type":"binary-expr","locations":[{"start":{"line":20,"column":7},"end":{"line":20,"column":18}},{"start":{"line":21,"column":8},"end":{"line":27,"column":14}}],"line":20},"2":{"loc":{"start":{"line":26,"column":14},"end":{"line":26,"column":59}},"type":"binary-expr","locations":[{"start":{"line":26,"column":14},"end":{"line":26,"column":31}},{"start":{"line":26,"column":35},"end":{"line":26,"column":59}}],"line":26}},"s":{"0":4,"1":266,"2":266,"3":2},"f":{"0":266,"1":2},"b":{"0":[1,265],"1":[266,1],"2":[1,0]},"_coverageSchema":"1a1c01bbd47fc00a2c39e90264f33305004495a9","hash":"36d2fa5184eff5c87525f7059be2d659fa57aaee"}
,"/Users/mike/Dev/meet/src/components/EventList.jsx": {"path":"/Users/mike/Dev/meet/src/components/EventList.jsx","statementMap":{"0":{"start":{"line":5,"column":18},"end":{"line":13,"column":1}},"1":{"start":{"line":6,"column":2},"end":{"line":12,"column":4}},"2":{"start":{"line":9,"column":32},"end":{"line":9,"column":70}}},"fnMap":{"0":{"name":"(anonymous_0)","decl":{"start":{"line":5,"column":18},"end":{"line":5,"column":19}},"loc":{"start":{"line":5,"column":34},"end":{"line":13,"column":1}},"line":5},"1":{"name":"(anonymous_1)","decl":{"start":{"line":9,"column":21},"end":{"line":9,"column":22}},"loc":{"start":{"line":9,"column":32},"end":{"line":9,"column":70}},"line":9}},"branchMap":{"0":{"loc":{"start":{"line":8,"column":7},"end":{"line":10,"column":14}},"type":"cond-expr","locations":[{"start":{"line":9,"column":10},"end":{"line":9,"column":71}},{"start":{"line":10,"column":10},"end":{"line":10,"column":14}}],"line":8}},"s":{"0":3,"1":25,"2":262},"f":{"0":25,"1":262},"b":{"0":[22,3]},"_coverageSchema":"1a1c01bbd47fc00a2c39e90264f33305004495a9","hash":"b5222b90eda7d5855142e54388ccf55da79492f5"}
,"/Users/mike/Dev/meet/src/components/NumberOfEvents.jsx": {"path":"/Users/mike/Dev/meet/src/components/NumberOfEvents.jsx","statementMap":{"0":{"start":{"line":3,"column":23},"end":{"line":32,"column":1}},"1":{"start":{"line":5,"column":28},"end":{"line":5,"column":56}},"2":{"start":{"line":7,"column":2},"end":{"line":9,"column":19}},"3":{"start":{"line":8,"column":4},"end":{"line":8,"column":33}},"4":{"start":{"line":11,"column":29},"end":{"line":17,"column":3}},"5":{"start":{"line":12,"column":17},"end":{"line":12,"column":31}},"6":{"start":{"line":13,"column":4},"end":{"line":13,"column":19}},"7":{"start":{"line":15,"column":19},"end":{"line":15,"column":37}},"8":{"start":{"line":16,"column":4},"end":{"line":16,"column":53}},"9":{"start":{"line":19,"column":2},"end":{"line":31,"column":4}}},"fnMap":{"0":{"name":"(anonymous_0)","decl":{"start":{"line":3,"column":23},"end":{"line":3,"column":24}},"loc":{"start":{"line":3,"column":74},"end":{"line":32,"column":1}},"line":3},"1":{"name":"(anonymous_1)","decl":{"start":{"line":3,"column":59},"end":{"line":3,"column":60}},"loc":{"start":{"line":3,"column":65},"end":{"line":3,"column":67}},"line":3},"2":{"name":"(anonymous_2)","decl":{"start":{"line":7,"column":12},"end":{"line":7,"column":13}},"loc":{"start":{"line":7,"column":18},"end":{"line":9,"column":3}},"line":7},"3":{"name":"(anonymous_3)","decl":{"start":{"line":11,"column":29},"end":{"line":11,"column":30}},"loc":{"start":{"line":11,"column":36},"end":{"line":17,"column":3}},"line":11}},"branchMap":{"0":{"loc":{"start":{"line":3,"column":26},"end":{"line":3,"column":41}},"type":"default-arg","locations":[{"start":{"line":3,"column":39},"end":{"line":3,"column":41}}],"line":3},"1":{"loc":{"start":{"line":3,"column":43},"end":{"line":3,"column":67}},"type":"default-arg","locations":[{"start":{"line":3,"column":59},"end":{"line":3,"column":67}}],"line":3},"2":{"loc":{"start":{"line":16,"column":18},"end":{"line":16,"column":51}},"type":"cond-expr","locations":[{"start":{"line":16,"column":41},"end":{"line":16,"column":42}},{"start":{"line":16,"column":45},"end":{"line":16,"column":51}}],"line":16}},"s":{"0":4,"1":33,"2":33,"3":14,"4":33,"5":8,"6":8,"7":8,"8":8,"9":33},"f":{"0":33,"1":4,"2":14,"3":8},"b":{"0":[8],"1":[8],"2":[2,6]},"_coverageSchema":"1a1c01bbd47fc00a2c39e90264f33305004495a9","hash":"d5e2e66e5afdf28d916c09fde35c39d7d1ba95f5"}
}
