{"/Users/mike/Dev/meet/src/App.jsx": {"path":"/Users/mike/Dev/meet/src/App.jsx","statementMap":{"0":{"start":{"line":7,"column":12},"end":{"line":15,"column":1}},"1":{"start":{"line":8,"column":2},"end":{"line":14,"column":4}}},"fnMap":{"0":{"name":"(anonymous_0)","decl":{"start":{"line":7,"column":12},"end":{"line":7,"column":13}},"loc":{"start":{"line":7,"column":18},"end":{"line":15,"column":1}},"line":7}},"branchMap":{},"s":{"0":1,"1":6},"f":{"0":6},"b":{},"_coverageSchema":"1a1c01bbd47fc00a2c39e90264f33305004495a9","hash":"fab6afb2ae511a52a105318dd36fb974e24f0926"}
,"/Users/mike/Dev/meet/src/api.js": {"path":"/Users/mike/Dev/meet/src/api.js","statementMap":{"0":{"start":{"line":5,"column":32},"end":{"line":9,"column":1}},"1":{"start":{"line":6,"column":29},"end":{"line":6,"column":66}},"2":{"start":{"line":6,"column":51},"end":{"line":6,"column":65}},"3":{"start":{"line":7,"column":20},"end":{"line":7,"column":52}},"4":{"start":{"line":8,"column":2},"end":{"line":8,"column":19}},"5":{"start":{"line":11,"column":25},"end":{"line":13,"column":1}},"6":{"start":{"line":12,"column":2},"end":{"line":12,"column":18}}},"fnMap":{"0":{"name":"(anonymous_0)","decl":{"start":{"line":5,"column":32},"end":{"line":5,"column":33}},"loc":{"start":{"line":5,"column":44},"end":{"line":9,"column":1}},"line":5},"1":{"name":"(anonymous_1)","decl":{"start":{"line":6,"column":40},"end":{"line":6,"column":41}},"loc":{"start":{"line":6,"column":51},"end":{"line":6,"column":65}},"line":6},"2":{"name":"(anonymous_2)","decl":{"start":{"line":11,"column":25},"end":{"line":11,"column":26}},"loc":{"start":{"line":11,"column":37},"end":{"line":13,"column":1}},"line":11}},"branchMap":{},"s":{"0":2,"1":2,"2":70,"3":2,"4":2,"5":2,"6":3},"f":{"0":2,"1":70,"2":3},"b":{},"_coverageSchema":"1a1c01bbd47fc00a2c39e90264f33305004495a9","hash":"87b9cc5374e5fccb23787d1cbd3d70312067c5c9"}
,"/Users/mike/Dev/meet/src/mock-data.js": {"path":"/Users/mike/Dev/meet/src/mock-data.js","statementMap":{"0":{"start":{"line":3,"column":17},"end":{"line":1439,"column":1}}},"fnMap":{},"branchMap":{},"s":{"0":3},"f":{},"b":{},"_coverageSchema":"1a1c01bbd47fc00a2c39e90264f33305004495a9","hash":"ae1f3126bc24c8aff5cc6333cf9c3f07cfb88de6"}
,"/Users/mike/Dev/meet/src/components/CitySearch.jsx": {"path":"/Users/mike/Dev/meet/src/components/CitySearch.jsx","statementMap":{"0":{"start":{"line":3,"column":19},"end":{"line":51,"column":1}},"1":{"start":{"line":4,"column":48},"end":{"line":4,"column":63}},"2":{"start":{"line":5,"column":28},"end":{"line":5,"column":40}},"3":{"start":{"line":6,"column":40},"end":{"line":6,"column":52}},"4":{"start":{"line":7,"column":28},"end":{"line":11,"column":3}},"5":{"start":{"line":8,"column":18},"end":{"line":8,"column":42}},"6":{"start":{"line":9,"column":4},"end":{"line":9,"column":20}},"7":{"start":{"line":10,"column":4},"end":{"line":10,"column":30}},"8":{"start":{"line":13,"column":29},"end":{"line":23,"column":3}},"9":{"start":{"line":14,"column":18},"end":{"line":14,"column":36}},"10":{"start":{"line":15,"column":30},"end":{"line":19,"column":10}},"11":{"start":{"line":17,"column":10},"end":{"line":17,"column":74}},"12":{"start":{"line":21,"column":4},"end":{"line":21,"column":20}},"13":{"start":{"line":22,"column":4},"end":{"line":22,"column":38}},"14":{"start":{"line":25,"column":2},"end":{"line":50,"column":4}},"15":{"start":{"line":32,"column":23},"end":{"line":32,"column":47}},"16":{"start":{"line":38,"column":12},"end":{"line":42,"column":14}}},"fnMap":{"0":{"name":"(anonymous_0)","decl":{"start":{"line":3,"column":19},"end":{"line":3,"column":20}},"loc":{"start":{"line":3,"column":41},"end":{"line":51,"column":1}},"line":3},"1":{"name":"(anonymous_1)","decl":{"start":{"line":7,"column":28},"end":{"line":7,"column":29}},"loc":{"start":{"line":7,"column":39},"end":{"line":11,"column":3}},"line":7},"2":{"name":"(anonymous_2)","decl":{"start":{"line":13,"column":29},"end":{"line":13,"column":30}},"loc":{"start":{"line":13,"column":40},"end":{"line":23,"column":3}},"line":13},"3":{"name":"(anonymous_3)","decl":{"start":{"line":16,"column":28},"end":{"line":16,"column":29}},"loc":{"start":{"line":16,"column":42},"end":{"line":18,"column":9}},"line":16},"4":{"name":"(anonymous_4)","decl":{"start":{"line":32,"column":17},"end":{"line":32,"column":18}},"loc":{"start":{"line":32,"column":23},"end":{"line":32,"column":47}},"line":32},"5":{"name":"(anonymous_5)","decl":{"start":{"line":37,"column":27},"end":{"line":37,"column":28}},"loc":{"start":{"line":37,"column":43},"end":{"line":43,"column":11}},"line":37}},"branchMap":{"0":{"loc":{"start":{"line":15,"column":30},"end":{"line":19,"column":10}},"type":"cond-expr","locations":[{"start":{"line":16,"column":8},"end":{"line":18,"column":10}},{"start":{"line":19,"column":8},"end":{"line":19,"column":10}}],"line":15},"1":{"loc":{"start":{"line":35,"column":7},"end":{"line":48,"column":14}},"type":"cond-expr","locations":[{"start":{"line":36,"column":8},"end":{"line":47,"column":13}},{"start":{"line":48,"column":10},"end":{"line":48,"column":14}}],"line":35}},"s":{"0":2,"1":29,"2":29,"3":29,"4":29,"5":1,"6":1,"7":1,"8":29,"9":12,"10":12,"11":24,"12":12,"13":12,"14":29,"15":3,"16":12},"f":{"0":29,"1":1,"2":12,"3":24,"4":3,"5":12},"b":{"0":[12,0],"1":[15,14]},"_coverageSchema":"1a1c01bbd47fc00a2c39e90264f33305004495a9","hash":"7ae448fd0d75165c402a0176df94dbaa0679b60d"}
,"/Users/mike/Dev/meet/src/components/Event.jsx": {"path":"/Users/mike/Dev/meet/src/components/Event.jsx","statementMap":{"0":{"start":{"line":4,"column":14},"end":{"line":39,"column":1}},"1":{"start":{"line":5,"column":40},"end":{"line":5,"column":55}},"2":{"start":{"line":8,"column":54},"end":{"line":8,"column":65}},"3":{"start":{"line":10,"column":2},"end":{"line":38,"column":4}},"4":{"start":{"line":22,"column":23},"end":{"line":22,"column":48}},"5":{"start":{"line":22,"column":45},"end":{"line":22,"column":47}}},"fnMap":{"0":{"name":"(anonymous_0)","decl":{"start":{"line":4,"column":14},"end":{"line":4,"column":15}},"loc":{"start":{"line":4,"column":29},"end":{"line":39,"column":1}},"line":4},"1":{"name":"(anonymous_1)","decl":{"start":{"line":22,"column":17},"end":{"line":22,"column":18}},"loc":{"start":{"line":22,"column":23},"end":{"line":22,"column":48}},"line":22},"2":{"name":"(anonymous_2)","decl":{"start":{"line":22,"column":38},"end":{"line":22,"column":39}},"loc":{"start":{"line":22,"column":45},"end":{"line":22,"column":47}},"line":22}},"branchMap":{"0":{"loc":{"start":{"line":8,"column":54},"end":{"line":8,"column":65}},"type":"binary-expr","locations":[{"start":{"line":8,"column":54},"end":{"line":8,"column":59}},{"start":{"line":8,"column":63},"end":{"line":8,"column":65}}],"line":8},"1":{"loc":{"start":{"line":24,"column":9},"end":{"line":24,"column":54}},"type":"cond-expr","locations":[{"start":{"line":24,"column":23},"end":{"line":24,"column":37}},{"start":{"line":24,"column":40},"end":{"line":24,"column":54}}],"line":24},"2":{"loc":{"start":{"line":27,"column":7},"end":{"line":36,"column":7}},"type":"binary-expr","locations":[{"start":{"line":27,"column":7},"end":{"line":27,"column":18}},{"start":{"line":28,"column":8},"end":{"line":35,"column":14}}],"line":27},"3":{"loc":{"start":{"line":34,"column":14},"end":{"line":34,"column":53}},"type":"binary-expr","locations":[{"start":{"line":34,"column":14},"end":{"line":34,"column":25}},{"start":{"line":34,"column":29},"end":{"line":34,"column":53}}],"line":34}},"s":{"0":3,"1":39,"2":39,"3":39,"4":2,"5":2},"f":{"0":39,"1":2,"2":2},"b":{"0":[39,0],"1":[1,38],"2":[39,1],"3":[1,0]},"_coverageSchema":"1a1c01bbd47fc00a2c39e90264f33305004495a9","hash":"62e50293969b99e263765c6664f791b259888496"}
,"/Users/mike/Dev/meet/src/components/EventList.jsx": {"path":"/Users/mike/Dev/meet/src/components/EventList.jsx","statementMap":{"0":{"start":{"line":5,"column":18},"end":{"line":13,"column":1}},"1":{"start":{"line":6,"column":2},"end":{"line":12,"column":4}},"2":{"start":{"line":9,"column":32},"end":{"line":9,"column":70}}},"fnMap":{"0":{"name":"(anonymous_0)","decl":{"start":{"line":5,"column":18},"end":{"line":5,"column":19}},"loc":{"start":{"line":5,"column":34},"end":{"line":13,"column":1}},"line":5},"1":{"name":"(anonymous_1)","decl":{"start":{"line":9,"column":21},"end":{"line":9,"column":22}},"loc":{"start":{"line":9,"column":32},"end":{"line":9,"column":70}},"line":9}},"branchMap":{"0":{"loc":{"start":{"line":8,"column":7},"end":{"line":10,"column":14}},"type":"cond-expr","locations":[{"start":{"line":9,"column":10},"end":{"line":9,"column":71}},{"start":{"line":10,"column":10},"end":{"line":10,"column":14}}],"line":8}},"s":{"0":2,"1":9,"2":35},"f":{"0":9,"1":35},"b":{"0":[1,8]},"_coverageSchema":"1a1c01bbd47fc00a2c39e90264f33305004495a9","hash":"b5222b90eda7d5855142e54388ccf55da79492f5"}
,"/Users/mike/Dev/meet/src/components/NumberOfEvents.jsx": {"path":"/Users/mike/Dev/meet/src/components/NumberOfEvents.jsx","statementMap":{"0":{"start":{"line":3,"column":23},"end":{"line":25,"column":1}},"1":{"start":{"line":4,"column":28},"end":{"line":4,"column":58}},"2":{"start":{"line":6,"column":23},"end":{"line":10,"column":3}},"3":{"start":{"line":7,"column":17},"end":{"line":7,"column":31}},"4":{"start":{"line":8,"column":4},"end":{"line":8,"column":19}},"5":{"start":{"line":9,"column":4},"end":{"line":9,"column":33}},"6":{"start":{"line":9,"column":18},"end":{"line":9,"column":33}},"7":{"start":{"line":12,"column":2},"end":{"line":24,"column":4}}},"fnMap":{"0":{"name":"(anonymous_0)","decl":{"start":{"line":3,"column":23},"end":{"line":3,"column":24}},"loc":{"start":{"line":3,"column":60},"end":{"line":25,"column":1}},"line":3},"1":{"name":"(anonymous_1)","decl":{"start":{"line":6,"column":23},"end":{"line":6,"column":24}},"loc":{"start":{"line":6,"column":30},"end":{"line":10,"column":3}},"line":6}},"branchMap":{"0":{"loc":{"start":{"line":3,"column":26},"end":{"line":3,"column":43}},"type":"default-arg","locations":[{"start":{"line":3,"column":41},"end":{"line":3,"column":43}}],"line":3},"1":{"loc":{"start":{"line":9,"column":4},"end":{"line":9,"column":33}},"type":"if","locations":[{"start":{"line":9,"column":4},"end":{"line":9,"column":33}},{"start":{},"end":{}}],"line":9}},"s":{"0":2,"1":13,"2":13,"3":4,"4":4,"5":4,"6":0,"7":13},"f":{"0":13,"1":4},"b":{"0":[13],"1":[0,4]},"_coverageSchema":"1a1c01bbd47fc00a2c39e90264f33305004495a9","hash":"b0bb0417f47b19b5b78f93e526c04e97f6ab6e7c"}
}
