TN:
SF:src/App.jsx
FN:8,(anonymous_0)
FN:14,(anonymous_1)
FN:20,(anonymous_2)
FN:27,(anonymous_3)
FNF:4
FNH:4
FNDA:21,(anonymous_0)
FNDA:12,(anonymous_1)
FNDA:35,(anonymous_2)
FNDA:12,(anonymous_3)
DA:8,3
DA:9,21
DA:10,21
DA:11,21
DA:12,21
DA:14,21
DA:15,12
DA:18,12
DA:20,35
DA:22,12
DA:23,12
DA:27,21
DA:28,12
DA:31,21
LF:14
LH:14
BRDA:18,0,0,11
BRDA:18,0,1,1
BRF:2
BRH:2
end_of_record
TN:
SF:src/api.js
FN:5,(anonymous_0)
FN:6,(anonymous_1)
FN:11,(anonymous_2)
FN:19,(anonymous_3)
FN:40,(anonymous_4)
FN:61,(anonymous_5)
FN:76,(anonymous_6)
FNF:7
FNH:3
FNDA:15,(anonymous_0)
FNDA:525,(anonymous_1)
FNDA:0,(anonymous_2)
FNDA:6,(anonymous_3)
FNDA:0,(anonymous_4)
FNDA:0,(anonymous_5)
FNDA:0,(anonymous_6)
DA:5,3
DA:6,525
DA:7,15
DA:8,15
DA:11,3
DA:12,0
DA:15,0
DA:16,0
DA:19,3
DA:20,6
DA:21,6
DA:24,0
DA:26,0
DA:27,0
DA:29,0
DA:32,0
DA:33,0
DA:34,0
DA:35,0
DA:36,0
DA:40,3
DA:41,0
DA:42,0
DA:44,0
DA:45,0
DA:46,0
DA:47,0
DA:48,0
DA:49,0
DA:52,0
DA:53,0
DA:54,0
DA:56,0
DA:58,0
DA:61,3
DA:63,0
DA:64,0
DA:69,0
DA:71,0
DA:72,0
DA:76,3
DA:77,0
DA:78,0
DA:80,0
DA:85,0
DA:86,0
DA:88,0
DA:89,0
DA:90,0
DA:92,0
LF:50
LH:11
BRDA:20,0,0,6
BRDA:20,0,1,0
BRDA:26,1,0,0
BRDA:26,1,1,0
BRDA:34,2,0,0
BRDA:34,2,1,0
BRDA:42,3,0,0
BRDA:42,3,1,0
BRDA:44,4,0,0
BRDA:44,4,1,0
BRDA:44,5,0,0
BRDA:44,5,1,0
BRDA:48,6,0,0
BRDA:48,6,1,0
BRDA:56,7,0,0
BRDA:56,7,1,0
BRDA:63,8,0,0
BRDA:63,8,1,0
BRDA:63,9,0,0
BRDA:63,9,1,0
BRDA:85,10,0,0
BRDA:85,10,1,0
BRDA:89,11,0,0
BRDA:89,11,1,0
BRF:24
BRH:1
end_of_record
TN:
SF:src/mock-data.js
FNF:0
FNH:0
DA:3,4
LF:1
LH:1
BRF:0
BRH:0
end_of_record
TN:
SF:src/components/CitySearch.jsx
FN:3,(anonymous_0)
FN:3,(anonymous_1)
FN:8,(anonymous_2)
FN:15,(anonymous_3)
FN:18,(anonymous_4)
FN:27,(anonymous_5)
FN:38,(anonymous_6)
FN:43,(anonymous_7)
FNF:8
FNH:8
FNDA:71,(anonymous_0)
FNDA:1,(anonymous_1)
FNDA:2,(anonymous_2)
FNDA:18,(anonymous_3)
FNDA:36,(anonymous_4)
FNDA:24,(anonymous_5)
FNDA:5,(anonymous_6)
FNDA:26,(anonymous_7)
DA:3,3
DA:4,71
DA:5,71
DA:6,71
DA:8,71
DA:9,2
DA:10,2
DA:11,2
DA:12,2
DA:15,71
DA:16,18
DA:17,18
DA:19,36
DA:23,18
DA:24,18
DA:27,71
DA:28,24
DA:31,71
DA:38,5
DA:44,26
LF:20
LH:20
BRDA:3,0,0,0
BRDA:3,1,0,32
BRDA:17,2,0,18
BRDA:17,2,1,0
BRDA:41,3,0,23
BRDA:41,3,1,48
BRF:6
BRH:4
end_of_record
TN:
SF:src/components/Event.jsx
FN:3,(anonymous_0)
FN:13,(anonymous_1)
FNF:2
FNH:2
FNDA:266,(anonymous_0)
FNDA:2,(anonymous_1)
DA:3,4
DA:4,266
DA:6,266
DA:13,2
LF:4
LH:4
BRDA:17,0,0,1
BRDA:17,0,1,265
BRDA:20,1,0,266
BRDA:20,1,1,1
BRDA:26,2,0,1
BRDA:26,2,1,0
BRF:6
BRH:5
end_of_record
TN:
SF:src/components/EventList.jsx
FN:5,(anonymous_0)
FN:9,(anonymous_1)
FNF:2
FNH:2
FNDA:25,(anonymous_0)
FNDA:262,(anonymous_1)
DA:5,3
DA:6,25
DA:9,262
LF:3
LH:3
BRDA:8,0,0,22
BRDA:8,0,1,3
BRF:2
BRH:2
end_of_record
TN:
SF:src/components/NumberOfEvents.jsx
FN:3,(anonymous_0)
FN:3,(anonymous_1)
FN:7,(anonymous_2)
FN:11,(anonymous_3)
FNF:4
FNH:4
FNDA:33,(anonymous_0)
FNDA:4,(anonymous_1)
FNDA:14,(anonymous_2)
FNDA:8,(anonymous_3)
DA:3,4
DA:5,33
DA:7,33
DA:8,14
DA:11,33
DA:12,8
DA:13,8
DA:15,8
DA:16,8
DA:19,33
LF:10
LH:10
BRDA:3,0,0,8
BRDA:3,1,0,8
BRDA:16,2,0,2
BRDA:16,2,1,6
BRF:4
BRH:4
end_of_record
