TN:
SF:src/App.jsx
FN:7,(anonymous_0)
FNF:1
FNH:1
FNDA:6,(anonymous_0)
DA:7,1
DA:8,6
LF:2
LH:2
BRF:0
BRH:0
end_of_record
TN:
SF:src/api.js
FN:5,(anonymous_0)
FN:6,(anonymous_1)
FN:11,(anonymous_2)
FNF:3
FNH:3
FNDA:2,(anonymous_0)
FNDA:70,(anonymous_1)
FNDA:3,(anonymous_2)
DA:5,2
DA:6,70
DA:7,2
DA:8,2
DA:11,2
DA:12,3
LF:6
LH:6
BRF:0
BRH:0
end_of_record
TN:
SF:src/mock-data.js
FNF:0
FNH:0
DA:3,3
LF:1
LH:1
BRF:0
BRH:0
end_of_record
TN:
SF:src/components/CitySearch.jsx
FN:3,(anonymous_0)
FN:7,(anonymous_1)
FN:13,(anonymous_2)
FN:16,(anonymous_3)
FN:32,(anonymous_4)
FN:37,(anonymous_5)
FNF:6
FNH:6
FNDA:29,(anonymous_0)
FNDA:1,(anonymous_1)
FNDA:12,(anonymous_2)
FNDA:24,(anonymous_3)
FNDA:3,(anonymous_4)
FNDA:12,(anonymous_5)
DA:3,2
DA:4,29
DA:5,29
DA:6,29
DA:7,29
DA:8,1
DA:9,1
DA:10,1
DA:13,29
DA:14,12
DA:15,12
DA:17,24
DA:21,12
DA:22,12
DA:25,29
DA:32,3
DA:38,12
LF:17
LH:17
BRDA:15,0,0,12
BRDA:15,0,1,0
BRDA:35,1,0,15
BRDA:35,1,1,14
BRF:4
BRH:3
end_of_record
TN:
SF:src/components/Event.jsx
FN:4,(anonymous_0)
FN:22,(anonymous_1)
FN:22,(anonymous_2)
FNF:3
FNH:3
FNDA:39,(anonymous_0)
FNDA:2,(anonymous_1)
FNDA:2,(anonymous_2)
DA:4,3
DA:5,39
DA:8,39
DA:10,39
DA:22,2
LF:5
LH:5
BRDA:8,0,0,39
BRDA:8,0,1,0
BRDA:24,1,0,1
BRDA:24,1,1,38
BRDA:27,2,0,39
BRDA:27,2,1,1
BRDA:34,3,0,1
BRDA:34,3,1,0
BRF:8
BRH:6
end_of_record
TN:
SF:src/components/EventList.jsx
FN:5,(anonymous_0)
FN:9,(anonymous_1)
FNF:2
FNH:2
FNDA:9,(anonymous_0)
FNDA:35,(anonymous_1)
DA:5,2
DA:6,9
DA:9,35
LF:3
LH:3
BRDA:8,0,0,1
BRDA:8,0,1,8
BRF:2
BRH:2
end_of_record
TN:
SF:src/components/NumberOfEvents.jsx
FN:3,(anonymous_0)
FN:6,(anonymous_1)
FNF:2
FNH:2
FNDA:13,(anonymous_0)
FNDA:4,(anonymous_1)
DA:3,2
DA:4,13
DA:6,13
DA:7,4
DA:8,4
DA:9,4
DA:12,13
LF:7
LH:7
BRDA:3,0,0,13
BRDA:9,1,0,0
BRDA:9,1,1,4
BRF:3
BRH:2
end_of_record
